<?xml version="1.0" encoding="UTF-8"?>
<testng-results ignored="0" total="1" passed="1" failed="0" skipped="0">
  <reporter-output>
  </reporter-output>
  <suite started-at="2023-10-26T17:09:31 IST" name="Default suite" finished-at="2023-10-26T17:09:49 IST" duration-ms="18085">
    <groups>
    </groups>
    <test started-at="2023-10-26T17:09:31 IST" name="Default test" finished-at="2023-10-26T17:09:49 IST" duration-ms="18085">
      <class name="sampleprograms.mouseoveractions">
        <test-method is-config="true" signature="openurl()[pri:0, instance:sampleprograms.mouseoveractions@498d318c]" started-at="2023-10-26T17:09:31 IST" name="openurl" finished-at="2023-10-26T17:09:42 IST" duration-ms="11398" status="PASS">
          <reporter-output>
          </reporter-output>
        </test-method> <!-- openurl -->
        <test-method signature="mouseactions()[pri:0, instance:sampleprograms.mouseoveractions@498d318c]" started-at="2023-10-26T17:09:42 IST" name="mouseactions" finished-at="2023-10-26T17:09:49 IST" duration-ms="6595" status="PASS">
          <reporter-output>
          </reporter-output>
        </test-method> <!-- mouseactions -->
        <test-method is-config="true" signature="afterTest()[pri:0, instance:sampleprograms.mouseoveractions@498d318c]" started-at="2023-10-26T17:09:49 IST" name="afterTest" finished-at="2023-10-26T17:09:49 IST" duration-ms="0" status="PASS">
          <reporter-output>
          </reporter-output>
        </test-method> <!-- afterTest -->
      </class> <!-- sampleprograms.mouseoveractions -->
    </test> <!-- Default test -->
  </suite> <!-- Default suite -->
</testng-results>
